TN:
SF:src\app.ts
FNF:0
FNH:0
DA:1,1
DA:2,1
DA:3,1
DA:4,1
DA:5,1
DA:6,1
DA:7,1
DA:8,1
DA:9,1
DA:10,1
DA:11,1
DA:12,1
DA:13,1
DA:14,1
DA:15,1
DA:16,1
LF:16
LH:16
BRF:0
BRH:0
end_of_record
TN:
SF:src\server.ts
FN:1,(empty-report)
FNF:1
FNH:0
FNDA:0,(empty-report)
DA:1,0
DA:2,0
DA:3,0
DA:4,0
DA:5,0
DA:6,0
DA:7,0
LF:7
LH:0
BRDA:1,0,0,0
BRF:1
BRH:0
end_of_record
TN:
SF:src\controllers\accounts.ts
FN:6,getAccounts
FN:10,getAccount
FN:26,addAccount
FN:38,setAccount
FN:61,loginAccount
FN:75,logoutAccount
FNF:6
FNH:6
FNDA:1,getAccounts
FNDA:3,getAccount
FNDA:2,addAccount
FNDA:3,setAccount
FNDA:2,loginAccount
FNDA:1,logoutAccount
DA:1,1
DA:2,1
DA:3,1
DA:4,1
DA:5,1
DA:6,1
DA:7,1
DA:8,1
DA:9,1
DA:10,3
DA:11,3
DA:12,3
DA:13,3
DA:14,2
DA:15,2
DA:16,3
DA:17,1
DA:18,1
DA:19,3
DA:20,1
DA:21,1
DA:22,1
DA:23,1
DA:24,3
DA:25,1
DA:26,2
DA:27,2
DA:28,2
DA:29,2
DA:30,2
DA:31,2
DA:32,0
DA:33,0
DA:34,0
DA:35,0
DA:36,2
DA:37,1
DA:38,3
DA:39,3
DA:40,3
DA:41,3
DA:42,3
DA:43,3
DA:44,3
DA:45,3
DA:46,1
DA:47,1
DA:48,1
DA:49,1
DA:50,1
DA:51,1
DA:52,1
DA:53,1
DA:54,1
DA:55,0
DA:56,0
DA:57,0
DA:58,0
DA:59,3
DA:60,1
DA:61,2
DA:62,2
DA:63,2
DA:64,2
DA:65,2
DA:66,1
DA:67,1
DA:68,1
DA:69,2
DA:70,0
DA:71,0
DA:72,0
DA:73,2
DA:74,1
DA:75,1
DA:76,1
DA:77,1
DA:78,1
DA:79,1
DA:80,1
DA:81,1
LF:81
LH:70
BRDA:6,0,0,1
BRDA:10,1,0,3
BRDA:13,2,0,1
BRDA:14,3,0,2
BRDA:16,4,0,1
BRDA:20,5,0,1
BRDA:14,6,0,2
BRDA:26,7,0,2
BRDA:32,8,0,0
BRDA:38,9,0,3
BRDA:41,10,0,0
BRDA:45,11,0,2
BRDA:46,12,0,1
BRDA:55,13,0,0
BRDA:44,14,0,3
BRDA:61,15,0,2
BRDA:65,16,0,1
BRDA:69,17,0,0
BRDA:64,18,0,2
BRDA:64,19,0,1
BRDA:75,20,0,1
BRF:21
BRH:17
end_of_record
TN:
SF:src\models\account.ts
FNF:0
FNH:0
DA:1,1
DA:2,1
DA:3,1
DA:4,1
DA:5,1
DA:6,1
DA:7,1
DA:8,1
DA:9,1
DA:10,1
DA:11,1
DA:12,1
DA:13,1
DA:14,1
DA:15,1
DA:16,1
DA:17,1
DA:18,1
DA:19,1
DA:20,1
DA:21,1
DA:22,1
DA:23,1
DA:24,1
DA:25,1
DA:26,1
DA:27,1
DA:28,1
DA:29,1
DA:30,1
DA:31,1
DA:32,1
DA:33,1
DA:34,1
DA:35,1
DA:36,1
DA:37,1
DA:38,1
DA:39,1
DA:40,1
DA:41,1
DA:42,1
DA:43,1
DA:44,1
DA:45,1
DA:46,1
DA:47,1
DA:48,1
DA:49,1
DA:50,1
LF:50
LH:50
BRF:0
BRH:0
end_of_record
TN:
SF:src\models\accountStatus.ts
FN:1,(empty-report)
FNF:1
FNH:0
FNDA:0,(empty-report)
DA:1,0
DA:2,0
DA:3,0
DA:4,0
DA:5,0
DA:6,0
DA:7,0
LF:7
LH:0
BRDA:1,0,0,0
BRF:1
BRH:0
end_of_record
TN:
SF:src\routes\accounts.ts
FN:8,validateSchema
FN:20,validateAccount
FN:24,validateLogin
FNF:3
FNH:3
FNDA:9,validateSchema
FNDA:6,validateAccount
FNDA:3,validateLogin
DA:1,1
DA:2,1
DA:3,1
DA:4,1
DA:5,1
DA:6,1
DA:7,1
DA:8,9
DA:9,9
DA:10,9
DA:11,2
DA:12,2
DA:13,2
DA:14,2
DA:15,2
DA:16,2
DA:17,2
DA:18,2
DA:19,1
DA:20,6
DA:21,6
DA:22,6
DA:23,1
DA:24,3
DA:25,3
DA:26,3
DA:27,1
DA:28,1
DA:29,1
DA:30,1
DA:31,1
DA:32,1
DA:33,1
DA:34,1
DA:35,1
DA:36,1
DA:37,1
DA:38,1
DA:39,1
DA:40,1
DA:41,1
DA:42,1
DA:43,1
DA:44,1
LF:44
LH:44
BRDA:8,0,0,9
BRDA:10,1,0,7
BRDA:11,2,0,2
BRDA:13,3,0,2
BRDA:20,4,0,6
BRDA:24,5,0,3
BRF:6
BRH:6
end_of_record
